【2018-07-09 23:51:53】【更新合同信息成功------->ContractCode:N1801011739,ContractId:04131a94-f575-4d6e-804e-9f098f13b5e1】
【2018-07-09 23:51:54】【更新合同信息成功------->ContractCode:N1801013215,ContractId:822017f9-82be-412a-8332-296779a8a3fc】
【2018-07-09 23:51:56】【更新合同信息成功------->ContractCode:N1801013216,ContractId:4bb40628-c890-4656-b4dd-22fb30960066】
【2018-07-09 23:51:57】【更新合同信息成功------->ContractCode:N1801011765,ContractId:2f1d5c70-7e2b-4e31-8ea6-46ab57bfcb4e】
【2018-07-09 23:51:58】【更新合同信息成功------->ContractCode:N1801013213,ContractId:93b03f99-164a-4537-952f-6a8d64e8bf94】
【2018-07-09 23:52:00】【更新合同信息成功------->ContractCode:N1801011575,ContractId:351f0dd2-d5a5-415e-be9e-181f226bc718】
【2018-07-09 23:52:01】【更新合同信息成功------->ContractCode:N1801011677,ContractId:21002e6f-4201-4cec-baa5-6afe690f7d5c】
【2018-07-09 23:52:02】【更新合同信息成功------->ContractCode:N1801011733,ContractId:ee8dedce-940a-4653-a0a7-765749d79d4e】
【2018-07-09 23:52:03】【更新合同信息成功------->ContractCode:N1801013214,ContractId:b9cb766f-1d3b-4544-a731-119476d18f80】
【2018-07-09 23:52:05】【更新合同信息成功------->ContractCode:N1801011676,ContractId:ece2f091-3b1e-4f69-b42a-728800a89fd7】
【2018-07-09 23:52:06】【更新合同信息成功------->ContractCode:N1801011734,ContractId:82807b90-4ad5-4bf5-84b8-6b4a1f8db289】
【2018-07-09 23:52:07】【更新合同信息成功------->ContractCode:N1801011741,ContractId:2bfef883-d8f3-4c84-b097-2d9e71c1d55d】
【2018-07-09 23:52:09】【更新合同信息成功------->ContractCode:W1801011026,ContractId:47bfc227-3981-4438-8f32-471d9f3547d0】
【2018-07-09 23:52:11】【更新合同信息成功------->ContractCode:W1801012436,ContractId:c97a3f16-6435-412a-8249-c98389ca9813】
【2018-07-09 23:52:15】【更新合同信息成功------->ContractCode:W1801011326,ContractId:fae450b4-acfd-400a-a2c3-f737edece911】
【2018-07-09 23:52:17】【更新合同信息成功------->ContractCode:W1801011698,ContractId:445dd19f-1f4a-4efe-a03c-56813fff8a69】
【2018-07-09 23:52:19】【更新合同信息成功------->ContractCode:W1801012311,ContractId:925868d1-101e-4f9e-a0a8-15f95438c735】
【2018-07-09 23:52:21】【更新合同信息成功------->ContractCode:W1801010387,ContractId:5260ce62-321a-4626-9d2f-fa7186ff4d96】
【2018-07-09 23:52:24】【更新合同信息成功------->ContractCode:E1801010363,ContractId:dadc77b9-cdb4-417e-b4fe-64c454789ff3】
【2018-07-09 23:52:27】【更新合同信息成功------->ContractCode:E1801013116,ContractId:e9ed8f43-d4d3-411e-b50c-7dcfed390da6】
【2018-07-09 23:52:29】【更新合同信息成功------->ContractCode:C1801012876,ContractId:f8685196-db71-40bb-8aaa-79c6c8b7a4e9】
【2018-07-09 23:52:41】【更新合同信息成功------->ContractCode:S1801012759,ContractId:e949f523-5bea-472e-a841-366806c80215】
【2018-07-09 23:52:43】【更新合同信息成功------->ContractCode:N1801012612,ContractId:4682ee8d-93bc-470a-9d2b-e1b29e9f8d87】
【2018-07-09 23:52:44】【更新合同信息成功------->ContractCode:C1801012206,ContractId:62b60fd3-4a76-4339-8fdb-d2fca785d5af】
【2018-07-09 23:52:46】【更新合同信息成功------->ContractCode:N1801013675,ContractId:576551e4-70e0-4aad-9145-0067e1fb29b4】
【2018-07-09 23:53:01】【创建合同信息成功------->ContractCode:K1801013493】
【2018-07-09 23:53:15】【创建合同信息成功------->ContractCode:K1801014310】
【2018-07-09 23:53:32】【创建合同信息成功------->ContractCode:K1801014266】
【2018-07-09 23:53:50】【创建合同信息成功------->ContractCode:W1801013714】
【2018-07-09 23:54:08】【创建合同信息成功------->ContractCode:W1801011321】
【2018-07-09 23:54:09】【创建合同信息成功------->ContractCode:N1801009720】
【2018-07-09 23:54:11】【创建合同信息成功------->ContractCode:N1801009697】
【2018-07-09 23:54:12】【创建合同信息成功------->ContractCode:N1801009696】
【2018-07-09 23:54:13】【创建合同信息成功------->ContractCode:N1801009695】
【2018-07-09 23:54:15】【创建合同信息成功------->ContractCode:C1801010846】
【2018-07-09 23:54:16】【创建合同信息成功------->ContractCode:C1801010844】
【2018-07-09 23:54:18】【创建合同信息成功------->ContractCode:C1801010845】
【2018-07-09 23:54:19】【创建合同信息成功------->ContractCode:C1801010847】
【2018-07-09 23:54:21】【创建合同信息成功------->ContractCode:E1801010643】
【2018-07-09 23:54:22】【创建合同信息成功------->ContractCode:N1801011571】
【2018-07-09 23:54:39】【创建合同信息成功------->ContractCode:N1801014536】
【2018-07-09 23:55:26】【创建合同信息成功------->ContractCode:N1801010714】
【2018-07-09 23:55:28】【创建合同信息成功------->ContractCode:N1801010879】
【2018-07-09 23:55:30】【创建合同信息成功------->ContractCode:E1801014408】
【2018-07-09 23:55:33】【创建合同信息成功------->ContractCode:E1801010217】
【2018-07-09 23:55:37】【创建合同信息成功------->ContractCode:E1801014226】
【2018-07-09 23:55:40】【创建合同信息成功------->ContractCode:E1801014506】
【2018-07-09 23:55:43】【创建合同信息成功------->ContractCode:E1801013155】
【2018-07-09 23:55:47】【创建合同信息成功------->ContractCode:S1801009588】
【2018-07-09 23:55:48】【创建合同信息成功------->ContractCode:C1801009474】
【2018-07-09 23:55:50】【创建合同信息成功------->ContractCode:C1801011936】
【2018-07-09 23:55:52】【创建合同信息成功------->ContractCode:C1801013517】
【2018-07-09 23:55:55】【创建合同信息成功------->ContractCode:S1801014094】
【2018-07-09 23:55:58】【创建合同信息成功------->ContractCode:S1801012781】
